TN:
SF:src\class\Customer.ts
FN:14,IndividualCustomer
FN:20,getName
FN:24,getIDN
FN:35,EnterpriseCustomer
FN:40,getName
FN:44,getIDN
FNF:6
FNH:6
FNDA:2,IndividualCustomer
FNDA:1,getName
FNDA:1,getIDN
FNDA:2,EnterpriseCustomer
FNDA:1,getName
FNDA:1,getIDN
DA:1,1
DA:2,1
DA:3,1
DA:4,1
DA:5,1
DA:6,1
DA:7,1
DA:8,1
DA:9,1
DA:10,1
DA:11,1
DA:12,1
DA:13,1
DA:14,1
DA:15,2
DA:16,2
DA:17,2
DA:18,2
DA:19,1
DA:20,1
DA:21,1
DA:22,1
DA:23,1
DA:24,1
DA:25,1
DA:26,1
DA:27,1
DA:28,1
DA:29,1
DA:30,1
DA:31,1
DA:32,1
DA:33,1
DA:34,1
DA:35,1
DA:36,2
DA:37,2
DA:38,2
DA:39,1
DA:40,1
DA:41,1
DA:42,1
DA:43,1
DA:44,1
DA:45,1
DA:46,1
DA:47,1
LF:47
LH:47
BRDA:14,0,0,2
BRDA:20,1,0,1
BRDA:24,2,0,1
BRDA:35,3,0,2
BRDA:40,4,0,1
BRDA:44,5,0,1
BRF:6
BRH:6
end_of_record
TN:
SF:src\class\Discount.ts
FN:1,<instance_members_initializer>
FN:4,calculate
FN:11,<instance_members_initializer>
FN:15,<instance_members_initializer>
FNF:4
FNH:4
FNDA:10,<instance_members_initializer>
FNDA:6,calculate
FNDA:1,<instance_members_initializer>
FNDA:1,<instance_members_initializer>
DA:1,1
DA:2,10
DA:3,10
DA:4,10
DA:5,6
DA:6,6
DA:7,10
DA:8,1
DA:9,1
DA:10,1
DA:11,1
DA:12,1
DA:13,1
DA:14,1
DA:15,1
DA:16,1
DA:17,1
LF:17
LH:17
BRDA:1,0,0,10
BRDA:4,1,0,6
BRDA:11,2,0,1
BRDA:15,3,0,1
BRF:4
BRH:4
end_of_record
TN:
SF:src\class\Order.ts
FN:7,<instance_members_initializer>
FN:10,Order
FN:17,get orderStatus
FN:21,checkout
FNF:4
FNH:4
FNDA:5,<instance_members_initializer>
FNDA:5,Order
FNDA:2,get orderStatus
FNDA:5,checkout
DA:1,1
DA:2,1
DA:3,1
DA:4,1
DA:5,1
DA:6,1
DA:7,1
DA:8,5
DA:9,5
DA:10,5
DA:11,5
DA:12,5
DA:13,5
DA:14,5
DA:15,5
DA:16,5
DA:17,5
DA:18,2
DA:19,2
DA:20,5
DA:21,5
DA:22,5
DA:23,1
DA:24,1
DA:25,1
DA:26,4
DA:27,4
DA:28,4
DA:29,4
DA:30,4
DA:31,4
DA:32,4
DA:33,4
DA:34,4
DA:35,4
DA:36,4
DA:37,4
DA:38,4
DA:39,5
LF:39
LH:39
BRDA:7,0,0,5
BRDA:10,1,0,5
BRDA:17,2,0,2
BRDA:21,3,0,5
BRDA:22,4,0,1
BRDA:25,5,0,4
BRF:6
BRH:6
end_of_record
TN:
SF:src\class\Product.ts
FN:4,Product
FNF:1
FNH:1
FNDA:1,Product
DA:1,1
DA:2,1
DA:3,1
DA:4,1
DA:5,1
LF:5
LH:5
BRDA:4,0,0,1
BRF:1
BRH:1
end_of_record
TN:
SF:src\class\ShoppingCart.ts
FN:5,<instance_members_initializer>
FN:8,ShoppingCart
FN:10,get items
FN:14,addItem
FN:18,removeItem
FN:22,total
FN:30,totalWithDiscount
FN:34,isEmpty
FN:38,clear
FNF:9
FNH:9
FNDA:7,<instance_members_initializer>
FNDA:7,ShoppingCart
FNDA:5,get items
FNDA:12,addItem
FNDA:2,removeItem
FNDA:5,total
FNDA:3,totalWithDiscount
FNDA:3,isEmpty
FNDA:1,clear
DA:1,1
DA:2,1
DA:3,1
DA:4,1
DA:5,1
DA:6,7
DA:7,7
DA:8,7
DA:9,7
DA:10,7
DA:11,5
DA:12,5
DA:13,7
DA:14,7
DA:15,12
DA:16,12
DA:17,7
DA:18,7
DA:19,2
DA:20,2
DA:21,7
DA:22,7
DA:23,5
DA:24,5
DA:25,10
DA:26,5
DA:27,5
DA:28,5
DA:29,7
DA:30,7
DA:31,3
DA:32,3
DA:33,7
DA:34,7
DA:35,3
DA:36,3
DA:37,7
DA:38,7
DA:39,1
DA:40,1
DA:41,1
DA:42,7
LF:42
LH:42
BRDA:5,0,0,7
BRDA:8,1,0,7
BRDA:10,2,0,5
BRDA:14,3,0,12
BRDA:18,4,0,2
BRDA:22,5,0,5
BRDA:24,6,0,10
BRDA:30,7,0,3
BRDA:34,8,0,3
BRDA:38,9,0,1
BRF:10
BRH:10
end_of_record
TN:
SF:src\services\Message.ts
FN:4,sendMessage
FNF:1
FNH:1
FNDA:3,sendMessage
DA:1,1
DA:2,1
DA:3,1
DA:4,1
DA:5,3
DA:6,3
DA:7,1
LF:7
LH:7
BRDA:4,0,0,3
BRF:1
BRH:1
end_of_record
TN:
SF:src\services\Persist.ts
FN:4,saveOrder
FNF:1
FNH:1
FNDA:3,saveOrder
DA:1,1
DA:2,1
DA:3,1
DA:4,1
DA:5,3
DA:6,3
DA:7,1
LF:7
LH:7
BRDA:4,0,0,3
BRF:1
BRH:1
end_of_record
